<?xml version="1.0" encoding="UTF-8"?>
<testng-results ignored="0" total="1" passed="1" failed="0" skipped="0">
  <reporter-output>
  </reporter-output>
  <suite started-at="2022-09-18T11:39:37 WAT" name="Default suite" finished-at="2022-09-18T11:39:52 WAT" duration-ms="15177">
    <groups>
    </groups>
    <test started-at="2022-09-18T11:39:37 WAT" name="Default test" finished-at="2022-09-18T11:39:52 WAT" duration-ms="15177">
      <class name="intro1.op">
        <test-method signature="ttp()[pri:0, instance:intro1.op@45099dd3]" started-at="2022-09-18T11:39:37 WAT" name="ttp" finished-at="2022-09-18T11:39:52 WAT" duration-ms="15106" status="PASS">
          <reporter-output>
          </reporter-output>
        </test-method> <!-- ttp -->
      </class> <!-- intro1.op -->
    </test> <!-- Default test -->
  </suite> <!-- Default suite -->
</testng-results>
